<?xml version="1.0" encoding="UTF-8" standalone="no"?>
<beans xmlns="http://www.springframework.org/schema/beans" xmlns:context="http://www.springframework.org/schema/context" xmlns:mvc="http://www.springframework.org/schema/mvc"
	xmlns:p="http://www.springframework.org/schema/p" xmlns:xsi="http://www.w3.org/2001/XMLSchema-instance"
	xsi:schemaLocation="http://www.springframework.org/schema/beans http://www.springframework.org/schema/beans/spring-beans.xsd     
	http://www.springframework.org/schema/context http://www.springframework.org/schema/context/spring-context.xsd     
	http://www.springframework.org/schema/mvc http://www.springframework.org/schema/mvc/spring-mvc.xsd">

	<context:component-scan base-package="org.bk.webtestjson">
	</context:component-scan>

	<mvc:annotation-driven>
   	 <mvc:message-converters register-defaults="true">
        <bean id="jacksonMessageConverter" class="org.springframework.http.converter.json.MappingJackson2HttpMessageConverter">
            <property name="objectMapper" ref="jacksonObjectMapper" />
            <property name="supportedMediaTypes">
                <list>
                    <bean class="org.springframework.http.MediaType">
                        <constructor-arg index="0" value="application" />
                        <constructor-arg index="1" value="json" />
                        <constructor-arg index="2" value="UTF-8" />
                    </bean>
                </list>
            </property>

        </bean>
    </mvc:message-converters>
</mvc:annotation-driven>

<bean id="jaxbAnnotationInspector" class="com.fasterxml.jackson.module.jaxb.JaxbAnnotationIntrospector" />

<bean id="jacksonObjectMapper" class="com.fasterxml.jackson.databind.ObjectMapper">
    <property name="annotationIntrospector" ref="jaxbAnnotationInspector" />
</bean>

</beans>
